-------------------------------------------------------------------------------
Test set: com.biz.impl.WxAccountMapperBizIMPLTest
-------------------------------------------------------------------------------
Tests run: 1, Failures: 1, Errors: 0, Skipped: 0, Time elapsed: 0.01 sec <<< FAILURE!
com.biz.impl.WxAccountMapperBizIMPLTest.testSelectListSelective()  Time elapsed: 0.005 sec  <<< FAILURE!
java.lang.NullPointerException
	at com.biz.impl.WxAccountMapperBizIMPLTest.testSelectListSelective(WxAccountMapperBizIMPLTest.java:25)
