-------------------------------------------------------------------------------
Test set: com.dao.impl.WxAccountMapperDaoIMPLTest
-------------------------------------------------------------------------------
Tests run: 1, Failures: 1, Errors: 0, Skipped: 0, Time elapsed: 0.003 sec <<< FAILURE!
com.dao.impl.WxAccountMapperDaoIMPLTest.testSelectListSelective()  Time elapsed: 0 sec  <<< FAILURE!
java.lang.NullPointerException
	at com.dao.impl.WxAccountMapperDaoIMPLTest.testSelectListSelective(WxAccountMapperDaoIMPLTest.java:26)
